<?xml version="1.0" encoding="UTF-8"?>
<testng-results skipped="0" failed="0" ignored="0" total="2" passed="2">
  <reporter-output>
  </reporter-output>
  <suite name="Default suite" duration-ms="9637" started-at="2019-09-10T13:50:44Z" finished-at="2019-09-10T13:50:54Z">
    <groups>
    </groups>
    <test name="Default test" duration-ms="9637" started-at="2019-09-10T13:50:44Z" finished-at="2019-09-10T13:50:54Z">
      <class name="SeleniumAPI.ExtendReport">
        <test-method status="PASS" signature="beforeTest()[pri:0, instance:SeleniumAPI.ExtendReport@15d0c81b]" name="beforeTest" is-config="true" duration-ms="8939" started-at="2019-09-10T13:50:44Z" finished-at="2019-09-10T13:50:53Z">
          <reporter-output>
          </reporter-output>
        </test-method> <!-- beforeTest -->
        <test-method status="PASS" signature="TC_01()[pri:0, instance:SeleniumAPI.ExtendReport@15d0c81b]" name="TC_01" duration-ms="11" started-at="2019-09-10T13:50:53Z" finished-at="2019-09-10T13:50:53Z">
          <reporter-output>
          </reporter-output>
        </test-method> <!-- TC_01 -->
        <test-method status="PASS" signature="afterMethod(org.testng.ITestResult)[pri:0, instance:SeleniumAPI.ExtendReport@15d0c81b]" name="afterMethod" is-config="true" duration-ms="1" started-at="2019-09-10T13:50:53Z" finished-at="2019-09-10T13:50:53Z">
          <params>
            <param index="0">
              <value>
                <![CDATA[[TestResult name=TC_01 status=SUCCESS method=ExtendReport.TC_01()[pri:0, instance:SeleniumAPI.ExtendReport@15d0c81b] output={null}]]]>
              </value>
            </param>
          </params>
          <reporter-output>
          </reporter-output>
        </test-method> <!-- afterMethod -->
        <test-method status="PASS" signature="TC_02()[pri:0, instance:SeleniumAPI.ExtendReport@15d0c81b]" name="TC_02" duration-ms="7" started-at="2019-09-10T13:50:53Z" finished-at="2019-09-10T13:50:53Z">
          <reporter-output>
          </reporter-output>
        </test-method> <!-- TC_02 -->
        <test-method status="PASS" signature="afterMethod(org.testng.ITestResult)[pri:0, instance:SeleniumAPI.ExtendReport@15d0c81b]" name="afterMethod" is-config="true" duration-ms="1" started-at="2019-09-10T13:50:53Z" finished-at="2019-09-10T13:50:53Z">
          <params>
            <param index="0">
              <value>
                <![CDATA[[TestResult name=TC_02 status=SUCCESS method=ExtendReport.TC_02()[pri:0, instance:SeleniumAPI.ExtendReport@15d0c81b] output={null}]]]>
              </value>
            </param>
          </params>
          <reporter-output>
          </reporter-output>
        </test-method> <!-- afterMethod -->
        <test-method status="PASS" signature="afterClass()[pri:0, instance:SeleniumAPI.ExtendReport@15d0c81b]" name="afterClass" is-config="true" duration-ms="663" started-at="2019-09-10T13:50:53Z" finished-at="2019-09-10T13:50:54Z">
          <reporter-output>
          </reporter-output>
        </test-method> <!-- afterClass -->
      </class> <!-- SeleniumAPI.ExtendReport -->
    </test> <!-- Default test -->
  </suite> <!-- Default suite -->
</testng-results>
